<?xml version="1.0" encoding="UTF-8" ?>
<testsuite tests="3" failures="0" name="testRunner.TestRun" time="21.193" errors="2" skipped="0">
  <properties>
[...]
</properties>
  <testcase classname="Login" name="searching" time="14.328"/>
  <testcase classname="Login" name="Data driven searching #1" time="3.363">
    <error message="The step &apos;user entern Password as &quot;abd34&quot;&apos; is undefined.
You can implement this step using the snippet(s) below:

@Then(&quot;user entern Password as {string}&quot;)
public void user_entern_password_as(String string) {
    // Write code here that turns the phrase above into concrete actions
    throw new io.cucumber.java.PendingException();
}
" type="io.cucumber.junit.UndefinedStepException">io.cucumber.junit.UndefinedStepException: The step &apos;user entern Password as &quot;abd34&quot;&apos; is undefined.
You can implement this step using the snippet(s) below:

@Then(&quot;user entern Password as {string}&quot;)
public void user_entern_password_as(String string) {
    // Write code here that turns the phrase above into concrete actions
    throw new io.cucumber.java.PendingException();
}

</error>
    <system-out>
@sanity
Scenario Outline: Data driven searching # Features/Login.feature:20
 INFO [main] (steps.java:41)- Launching chrome browser on windows
The ID: By.name: usernameelement is visible
 INFO [main] (steps.java:66)- User entered name
  When user enters name as &quot;admin&quot;      # stepDefinitions.steps.user_enters_name_as(java.lang.String)
  Then user entern Password as &quot;abd34&quot;
  And user clicks on login button       # stepDefinitions.steps.user_clicks_on_login_button()
 INFO [main] (steps.java:87)- Browser closed
</system-out>
    <system-err>Starting ChromeDriver 99.0.4844.51 (d537ec02474b5afe23684e7963d538896c63ac77-refs/branch-heads/4844@{#875}) on port 60714
Only local connections are allowed.
Please see https://chromedriver.chromium.org/security-considerations for suggestions on keeping ChromeDriver safe.
ChromeDriver was started successfully.
Apr 04, 2022 3:57:39 PM org.openqa.selenium.remote.ProtocolHandshake createSession
INFO: Detected dialect: W3C
Apr 04, 2022 3:57:39 PM org.openqa.selenium.devtools.CdpVersionFinder findNearestMatch
WARNING: Unable to find an exact match for CDP version 99, so returning the closest version found: 96
Apr 04, 2022 3:57:39 PM org.openqa.selenium.devtools.CdpVersionFinder findNearestMatch
INFO: Found CDP implementation for version 99 of 96
</system-err>
  </testcase>
  <testcase classname="Login" name="Data driven searching #2" time="3.502">
    <error message="The step &apos;user entern Password as &quot;123rft&quot;&apos; is undefined.
You can implement this step using the snippet(s) below:

@Then(&quot;user entern Password as {string}&quot;)
public void user_entern_password_as(String string) {
    // Write code here that turns the phrase above into concrete actions
    throw new io.cucumber.java.PendingException();
}
" type="io.cucumber.junit.UndefinedStepException">io.cucumber.junit.UndefinedStepException: The step &apos;user entern Password as &quot;123rft&quot;&apos; is undefined.
You can implement this step using the snippet(s) below:

@Then(&quot;user entern Password as {string}&quot;)
public void user_entern_password_as(String string) {
    // Write code here that turns the phrase above into concrete actions
    throw new io.cucumber.java.PendingException();
}

</error>
    <system-out>
@sanity
Scenario Outline: Data driven searching  # Features/Login.feature:21
 INFO [main] (steps.java:41)- Launching chrome browser on windows
The ID: By.name: usernameelement is visible
 INFO [main] (steps.java:66)- User entered name
  When user enters name as &quot;bs23admin01&quot; # stepDefinitions.steps.user_enters_name_as(java.lang.String)
  Then user entern Password as &quot;123rft&quot;
  And user clicks on login button        # stepDefinitions.steps.user_clicks_on_login_button()
 INFO [main] (steps.java:87)- Browser closed
</system-out>
    <system-err>Starting ChromeDriver 99.0.4844.51 (d537ec02474b5afe23684e7963d538896c63ac77-refs/branch-heads/4844@{#875}) on port 60134
Only local connections are allowed.
Please see https://chromedriver.chromium.org/security-considerations for suggestions on keeping ChromeDriver safe.
ChromeDriver was started successfully.
Apr 04, 2022 3:57:43 PM org.openqa.selenium.remote.ProtocolHandshake createSession
INFO: Detected dialect: W3C
Apr 04, 2022 3:57:43 PM org.openqa.selenium.devtools.CdpVersionFinder findNearestMatch
WARNING: Unable to find an exact match for CDP version 99, so returning the closest version found: 96
Apr 04, 2022 3:57:43 PM org.openqa.selenium.devtools.CdpVersionFinder findNearestMatch
INFO: Found CDP implementation for version 99 of 96
</system-err>
  </testcase>
</testsuite>